<?xml version="1.0" encoding="UTF-8"?>
<!-- Generated by org.testng.reporters.JUnitReportReporter -->
<testsuite hostname="DESKTOP-PGT7GKH" failures="0" tests="1" name="com.mystore.testcases.SearchResultPageTest" time="41.600" errors="0" timestamp="2022-08-22T17:58:30 IST" skipped="0">
  <testcase classname="com.mystore.testcases.SearchResultPageTest" name="ProductAvailabilityCheck" time="41.600"/>
  <system-out/>
</testsuite> <!-- com.mystore.testcases.SearchResultPageTest -->
