<?xml version="1.0" encoding="UTF-8"?>
<!-- Generated by org.testng.reporters.JUnitReportReporter -->
<testsuite hostname="DESKTOP-PGT7GKH" failures="0" tests="2" name="com.mystore.testcases.IndexPageTest" time="45.992" errors="0" timestamp="2022-08-22T17:58:30 IST" skipped="0">
  <testcase classname="com.mystore.testcases.IndexPageTest" name="verifyTitle" time="22.847"/>
  <system-out/>
  <testcase classname="com.mystore.testcases.IndexPageTest" name="verifylogo" time="23.145"/>
  <system-out/>
</testsuite> <!-- com.mystore.testcases.IndexPageTest -->
