<?xml version="1.0" encoding="UTF-8"?>
<!-- Generated by org.testng.reporters.JUnitReportReporter -->
<testsuite hostname="DESKTOP-PGT7GKH" failures="0" tests="1" name="com.mystore.testcases.AccountCreationPageTest" time="87.142" errors="0" timestamp="2022-08-24T14:22:48 IST" skipped="0">
  <testcase classname="com.mystore.testcases.AccountCreationPageTest" name="createAccountTest" time="87.142"/>
  <system-out/>
</testsuite> <!-- com.mystore.testcases.AccountCreationPageTest -->
