<?xml version="1.0" encoding="UTF-8"?>
<!-- Generated by org.testng.reporters.JUnitReportReporter -->
<testsuite hostname="DESKTOP-PGT7GKH" failures="0" tests="1" name="com.mystore.testcases.AddToCartPageTest" time="45.228" errors="0" timestamp="2022-08-22T17:58:30 IST" skipped="0">
  <testcase classname="com.mystore.testcases.AddToCartPageTest" name="addToCartTest" time="45.228"/>
  <system-out/>
</testsuite> <!-- com.mystore.testcases.AddToCartPageTest -->
