<?xml version="1.0" encoding="UTF-8"?>
<!-- Generated by org.testng.reporters.JUnitReportReporter -->
<testsuite hostname="DESKTOP-PGT7GKH" failures="0" tests="1" name="com.mystore.testcases.LoginPageTest" time="64.718" errors="0" timestamp="2022-08-24T13:54:52 IST" skipped="0">
  <testcase classname="com.mystore.testcases.LoginPageTest" name="loginTest" time="64.718"/>
  <system-out/>
</testsuite> <!-- com.mystore.testcases.LoginPageTest -->
